     1                                  bits 32 ; assembling for the 32 bits architecture
     2                                  
     3                                  ; declare the EntryPoint (a label defining the very first instruction of the program)
     4                                  global start        
     5                                  
     6                                  ; declare external functions needed by our program
     7                                  extern exit               ; tell nasm that exit exists even if we won't be defining it
     8                                  import exit msvcrt.dll    ; exit is a function that ends the calling process. It is defined in msvcrt.dll
     9                                                            ; msvcrt.dll contains exit, printf and all the other important C-runtime specific functions
    10                                  
    11                                  ; our data is declared here (the variables needed by our program)
    12                                  segment data use32 class=data
    13                                      ; ...
    14 00000000 61626330                    sir db "abc0"
    15                                  
    16                                  ; our code starts here
    17                                  segment code use32 class=code
    18                                      start:
    19                                          ; ...
    20 00000000 B030                            mov al, '0'
    21 00000002 B300                            mov bl, 0
    22 00000004 BF[00000000]                    mov edi, sir
    23                                          
    24                                          cauta:
    25 00000009 AE                                  SCASB
    26 0000000A 7405                                JE final
    27 0000000C 80C301                              add bl, 1
    28 0000000F E2F8                                loop cauta
    29                                          
    30                                          final:
    31                                      
    32                                          ; exit(0)
    33 00000011 6A00                            push    dword 0      ; push the parameter for exit onto the stack
    34 00000013 FF15[00000000]                  call    [exit]       ; call exit to terminate the program
