     1                                  bits 32 ; assembling for the 32 bits architecture
     2                                  
     3                                  ; declare the EntryPoint (a label defining the very first instruction of the program)
     4                                  global start        
     5                                  
     6                                  ; declare external functions needed by our program
     7                                  extern exit               ; tell nasm that exit exists even if we won't be defining it
     8                                  import exit msvcrt.dll    ; exit is a function that ends the calling process. It is defined in msvcrt.dll
     9                                                            ; msvcrt.dll contains exit, printf and all the other important C-runtime specific functions
    10                                  
    11                                  ; our data is declared here (the variables needed by our program)
    12                                  segment data use32 class=data
    13 00000000 02                          a db 2
    14 00000001 0F00                        b dw 15
    15 00000003 14000000                    c dd 20
    16 00000007 5000000000000000            d dq 80
    17                                  
    18                                  ; our code starts here
    19                                  segment code use32 class=code
    20                                      start:
    21                                          ; Interpretare fara semn
    22                                          
    23                                          ; ex 26: (c-b+a)-(d+a)
    24                                          ; mov eax, 0
    25                                          ; mov al, [a]
    26                                          
    27                                          ; mov ebx, 0
    28                                          ; mov bx, [b]
    29                                          ; mov ecx, [c]
    30                                          
    31                                          ; sub ecx, ebx
    32                                          ; add ecx, eax
    33                                          
    34                                          ; mov edx, [d]
    35                                          ; add edx, eax
    36                                          
    37                                          ; sub ecx, edx
    38                                          
    39                                          ; ex 27: (a+c)-(d+b)
    40                                          ; mov eax, 0
    41                                          ; mov al, [a]
    42                                          ; mov ecx, 0
    43                                          ; mov cx, [c]
    44                                          
    45                                          ; add eax, ecx
    46                                          
    47                                          ; mov edx, [d]
    48                                          ; mov ebx, 0
    49                                          ; mov bx, [b]
    50                                          
    51                                          ; add edx, ebx
    52                                          ; sub eax, edx
    53                                          
    54                                          ; ex 28: d-(a+b)+(c+c)
    55                                          ; mov edx, [d]
    56                                          ; mov eax, 0
    57                                          ; mov al, [a]
    58                                          ; mov ebx, 0
    59                                          ; mov bx, [b]
    60                                          
    61                                          ; add eax, ebx
    62                                          
    63                                          ; mov ecx, 0
    64                                          ; mov cx, [c]
    65                                          ; add ecx, ecx
    66                                          
    67                                          ; sub edx, eax
    68                                          ; add edx, ecx
    69                                          
    70                                          ; Interpretare cu semn
    71                                          ; ex 21: d-a+(b+a-c)
    72                                          ; mov eax, 0
    73                                          ; mov al, [a]
    74                                          ; cbw
    75                                          ; cwde
    76                                          
    77                                          ; mov ebx, 0
    78                                          ; mov bx, [b]
    79                                          ; cwde
    80                                          
    81                                          ; mov ecx, [c]
    82                                          ; mov edx, [d]
    83                                          
    84                                          ; add ebx, eax
    85                                          ; sub ebx, ecx
    86                                          
    87                                          ; sub edx, eax
    88                                          ; add edx, ebx
    89                                          
    90                                          ; ex 22: c+b-(a-d+b)
    91 00000000 B800000000                      mov eax, 0
    92 00000005 A0[00000000]                    mov al, [a]
    93 0000000A 6698                            cbw
    94 0000000C 98                              cwde
    95                                          
    96 0000000D BB00000000                      mov ebx, 0
    97 00000012 668B1D[01000000]                mov bx, [b]
    98 00000019 98                              cwde
    99                                          
   100 0000001A 8B0D[03000000]                  mov ecx, [c]
   101 00000020 8B15[07000000]                  mov edx, [d]
   102                                          
   103 00000026 01D9                            add ecx, ebx
   104 00000028 29D0                            sub eax, edx
   105 0000002A 01D8                            add eax, ebx
   106 0000002C 29C1                            sub ecx, eax
   107                                      
   108                                          ; exit(0)
   109 0000002E 6A00                            push    dword 0      ; push the parameter for exit onto the stack
   110 00000030 FF15[00000000]                  call    [exit]       ; call exit to terminate the program
