     1                                  bits 32 ; assembling for the 32 bits architecture
     2                                  
     3                                  ; declare the EntryPoint (a label defining the very first instruction of the program)
     4                                  global start        
     5                                  
     6                                  ; declare external functions needed by our program
     7                                  extern exit               ; tell nasm that exit exists even if we won't be defining it
     8                                  import exit msvcrt.dll    ; exit is a function that ends the calling process. It is defined in msvcrt.dll
     9                                                            ; msvcrt.dll contains exit, printf and all the other important C-runtime specific functions
    10                                  
    11                                  ; our data is declared here (the variables needed by our program)
    12                                  segment data use32 class=data
    13                                      ; ...
    14 00000000 010203040506                S db 1, 2, 3, 4, 5, 6
    15                                      len equ $-S
    16 00000006 00<rept>                    D times len - 1 db 0
    17                                      
    18                                  ; our code starts here
    19                                  segment code use32 class=code
    20                                      start:
    21                                          ; ...
    22 00000000 B900000000                      mov ecx, 0
    23 00000005 BE00000000                      mov esi, 0
    24                                          
    25                                      suma_loop:
    26 0000000A 83FE05                          cmp esi, len - 1
    27 0000000D 7318                            jae final
    28                                          
    29 0000000F 8A86[00000000]                  mov al, [S + esi]
    30 00000015 8A9E[01000000]                  mov bl, [S + esi + 1]
    31 0000001B 00D8                            add al, bl
    32 0000001D 8881[06000000]                  mov [D + ecx], al
    33 00000023 46                              inc esi
    34 00000024 41                              inc ecx
    35                                          
    36 00000025 EBE3                            jmp suma_loop
    37                                          
    38                                      final:
    39                                      
    40                                          ; exit(0)
    41 00000027 6A00                            push    dword 0      ; push the parameter for exit onto the stack
    42 00000029 FF15[00000000]                  call    [exit]       ; call exit to terminate the program
