     1                                  bits 32 ; assembling for the 32 bits architecture
     2                                  
     3                                  ; declare the EntryPoint (a label defining the very first instruction of the program)
     4                                  global start        
     5                                  
     6                                  ; declare external functions needed by our program
     7                                  extern exit               ; tell nasm that exit exists even if we won't be defining it
     8                                  import exit msvcrt.dll    ; exit is a function that ends the calling process. It is defined in msvcrt.dll
     9                                                            ; msvcrt.dll contains exit, printf and all the other important C-runtime specific functions
    10                                  
    11                                  ; our data is declared here (the variables needed by our program)
    12                                  segment data use32 class=data
    13                                      ; ...
    14 00000000 01030507                    S1 db 1, 3, 5, 7
    15 00000004 02060904                    S2 db 2, 6, 9, 4
    16                                      len equ $-S1
    17 00000008 00<rept>                    D times len * 2 db 0
    18                                  
    19                                  ; our code starts here
    20                                  segment code use32 class=code
    21                                      start:
    22                                          ; ...
    23 00000000 B900000000                      mov ecx, 0
    24 00000005 BA00000000                      mov edx, 0
    25 0000000A BF00000000                      mov edi, 0
    26                                          
    27                                      intercalare_loop:
    28 0000000F 83F908                          cmp ecx, len
    29 00000012 741E                            je final
    30                                          
    31 00000014 8A81[00000000]                  mov al, [S1 + ecx]
    32 0000001A 8887[08000000]                  mov [D + edi], al
    33 00000020 47                              inc edi
    34 00000021 41                              inc ecx
    35                                          
    36 00000022 8A82[04000000]                  mov al, [S2 + edx]
    37 00000028 8887[08000000]                  mov [D + edi], al
    38 0000002E 47                              inc edi
    39 0000002F 42                              inc edx
    40                                          
    41 00000030 EBDD                            jmp intercalare_loop
    42                                          
    43                                      final:
    44                                      
    45                                          ; exit(0)
    46 00000032 6A00                            push    dword 0      ; push the parameter for exit onto the stack
    47 00000034 FF15[00000000]                  call    [exit]       ; call exit to terminate the program
