     1                                  bits 32 ; assembling for the 32 bits architecture
     2                                  
     3                                  ; declare the EntryPoint (a label defining the very first instruction of the program)
     4                                  global start        
     5                                  
     6                                  ; declare external functions needed by our program
     7                                  extern exit, printf, scanf               ; tell nasm that exit exists even if we won't be defining it
     8                                  import exit msvcrt.dll    ; exit is a function that ends the calling process. It is defined in msvcrt.dll
     9                                                            ; msvcrt.dll contains exit, printf and all the other important C-runtime specific functions
    10                                  import printf msvcrt.dll
    11                                  import scanf msvcrt.dll
    12                                  
    13                                  ; our data is declared here (the variables needed by our program)
    14                                  segment data use32 class=data
    15                                      ; ...
    16 00000000 D3FFFFFF                    a dd -45                     
    17 00000004 61203D202564202862-         format_out db 'a = %d (baza 10), a = %X (baza 16)', 10, 0
    17 0000000D 617A61203130292C20-
    17 00000016 61203D202558202862-
    17 0000001F 617A61203136290A00 
    18                                  
    19                                  ; our code starts here
    20                                  segment code use32 class=code
    21                                      start:
    22                                          ; ...
    23 00000000 FF35[00000000]                  push dword [a]
    24 00000006 FF35[00000000]                  push dword [a]
    25 0000000C 68[04000000]                    push dword format_out
    26 00000011 FF15[00000000]                  call [printf]
    27 00000017 83C40C                          add esp, 12
    28                                      
    29                                          ; exit(0)
    30 0000001A 6A00                            push    dword 0      ; push the parameter for exit onto the stack
    31 0000001C FF15[00000000]                  call    [exit]       ; call exit to terminate the program
