     1                                  bits 32 ; assembling for the 32 bits architecture
     2                                  
     3                                  ; declare the EntryPoint (a label defining the very first instruction of the program)
     4                                  global start        
     5                                  
     6                                  ; declare external functions needed by our program
     7                                  extern exit, printf, scanf               ; tell nasm that exit exists even if we won't be defining it
     8                                  import exit msvcrt.dll    ; exit is a function that ends the calling process. It is defined in msvcrt.dll
     9                                                            ; msvcrt.dll contains exit, printf and all the other important C-runtime specific functions
    10                                  import printf msvcrt.dll
    11                                  import scanf msvcrt.dll
    12                                  
    13                                  ; our data is declared here (the variables needed by our program)
    14                                  segment data use32 class=data
    15                                      ; ...
    16 00000000 00000000                    a dd 0                  
    17 00000004 00000000                    m dd 0                  
    18 00000008 00000000                    n dd 0                 
    19 0000000C 00000000                    result dd 0             
    20 00000010 256400                      format_in db '%d', 0    
    21 00000013 4E756D6172756C2069-         format_out db 'Numarul intreg reprezentat de bitii izolati: %d', 10, 0 
    21 0000001C 6E7472656720726570-
    21 00000025 72657A656E74617420-
    21 0000002E 646520626974696920-
    21 00000037 697A6F6C6174693A20-
    21 00000040 25640A00           
    22 00000044 496E74726F64756365-         prompt_a db 'Introduceti un numar a (baza 10): ', 0
    22 0000004D 746920756E206E756D-
    22 00000056 61722061202862617A-
    22 0000005F 61203130293A2000   
    23 00000067 496E74726F64756365-         prompt_m db 'Introduceti valoarea m: ', 0
    23 00000070 74692076616C6F6172-
    23 00000079 6561206D3A2000     
    24 00000080 496E74726F64756365-         prompt_n db 'Introduceti valoarea n: ', 0
    24 00000089 74692076616C6F6172-
    24 00000092 6561206E3A2000     
    25                                  
    26                                  ; our code starts here
    27                                  segment code use32 class=code
    28                                      start:
    29                                          ; ...
    30 00000000 68[44000000]                    push dword prompt_a
    31 00000005 FF15[00000000]                  call [printf]
    32 0000000B 83C404                          add esp, 4
    33                                          
    34 0000000E 68[00000000]                    push dword a
    35 00000013 68[10000000]                    push dword format_in
    36 00000018 FF15[00000000]                  call [scanf]
    37 0000001E 83C408                          add esp, 8
    38                                          
    39 00000021 68[67000000]                    push dword prompt_m
    40 00000026 FF15[00000000]                  call [printf]
    41 0000002C 83C404                          add esp, 4
    42                                          
    43 0000002F 68[04000000]                    push dword m
    44 00000034 68[10000000]                    push dword format_in
    45 00000039 FF15[00000000]                  call [scanf]
    46 0000003F 83C408                          add esp, 8
    47                                          
    48 00000042 68[80000000]                    push dword prompt_n
    49 00000047 FF15[00000000]                  call [printf]
    50 0000004D 83C404                          add esp, 4
    51                                          
    52 00000050 68[08000000]                    push dword n
    53 00000055 68[10000000]                    push dword format_in
    54 0000005A FF15[00000000]                  call [scanf]
    55 00000060 83C408                          add esp, 8
    56                                          
    57 00000063 66A1[04000000]                  mov ax, [m]
    58 00000069 662B05[08000000]                sub ax, [n]
    59 00000070 6683C001                        add ax, 1
    60 00000074 6689C1                          mov cx, ax
    61 00000077 6649                            dec cx
    62 00000079 66B80100                        mov ax, 1
    63 0000007D 66D3E0                          shl ax, cl
    64 00000080 6683E801                        sub ax, 1
    65 00000084 6689C3                          mov bx, ax
    66 00000087 66A1[00000000]                  mov ax, [a]
    67 0000008D 66D3E8                          shr ax, cl 
    68 00000090 6621D8                          and ax, bx
    69 00000093 66A3[0C000000]                  mov [result], ax
    70                                          
    71 00000099 FF35[0C000000]                  push dword [result]
    72 0000009F 68[13000000]                    push dword format_out
    73 000000A4 FF15[00000000]                  call [printf]
    74 000000AA 83C408                          add esp, 8
    75                                      
    76                                          ; exit(0)
    77 000000AD 6A00                            push    dword 0      ; push the parameter for exit onto the stack
    78 000000AF FF15[00000000]                  call    [exit]       ; call exit to terminate the program
