     1                                  bits 32 ; assembling for the 32 bits architecture
     2                                  
     3                                  ; declare the EntryPoint (a label defining the very first instruction of the program)
     4                                  global start        
     5                                  
     6                                  ; declare external functions needed by our program
     7                                  extern exit, printf, scanf               ; tell nasm that exit exists even if we won't be defining it
     8                                  import exit msvcrt.dll    ; exit is a function that ends the calling process. It is defined in msvcrt.dll
     9                                                            ; msvcrt.dll contains exit, printf and all the other important C-runtime specific functions
    10                                  import printf msvcrt.dll
    11                                  import scanf msvcrt.dll
    12                                                                                     
    13                                  ; our data is declared here (the variables needed by our program)
    14                                  segment data use32 class=data
    15                                      ; ...
    16 00000000 01000000                    a dd 1               ; Primul numar (a)
    17 00000004 02000000                    b dd 2               ; Al doilea numar (b)
    18 00000008 00000000                    rezultat dd 0        ; Variabila pentru suma
    19 0000000C 2564202B202564203D-         format_out db '%d + %d = %d', 10, 0 ; Formatul pentru afișare
    19 00000015 2025640A00         
    20                                  
    21                                  ; our code starts here
    22                                  segment code use32 class=code
    23                                      start:
    24                                          ; ...
    25 00000000 A1[00000000]                    mov eax, [a]
    26 00000005 0305[04000000]                  add eax, [b]
    27 0000000B A3[08000000]                    mov [rezultat], eax
    28                                          
    29 00000010 FF35[08000000]                  push dword [rezultat]
    30 00000016 FF35[04000000]                  push dword [b]
    31 0000001C FF35[00000000]                  push dword [a]
    32 00000022 68[0C000000]                    push dword format_out
    33 00000027 FF15[00000000]                  call [printf]
    34 0000002D 83C410                          add esp, 16
    35                                      
    36                                          ; exit(0)
    37 00000030 6A00                            push    dword 0      ; push the parameter for exit onto the stack
    38 00000032 FF15[00000000]                  call    [exit]       ; call exit to terminate the program
