     1                                  bits 32 ; assembling for the 32 bits architecture
     2                                  
     3                                  ; declare the EntryPoint (a label defining the very first instruction of the program)
     4                                  global start        
     5                                  
     6                                  ; declare external functions needed by our program
     7                                  extern exit, printf, scanf               ; tell nasm that exit exists even if we won't be defining it
     8                                  import exit msvcrt.dll    ; exit is a function that ends the calling process. It is defined in msvcrt.dll
     9                                                            ; msvcrt.dll contains exit, printf and all the other important C-runtime specific functions
    10                                  import printf msvcrt.dll
    11                                  import scanf msvcrt.dll
    12                                  
    13                                  ; our data is declared here (the variables needed by our program)
    14                                  segment data use32 class=data
    15                                      ; ...
    16 00000000 64000000                    a dd 100               
    17 00000004 00000000                    b dd 0                 
    18 00000008 00000000                    rezultat dd 0          
    19 0000000C 256400                      format_in db '%d', 0   
    20 0000000F 52657A756C7461743A-         format_out db 'Rezultat: %d', 10, 0 
    20 00000018 2025640A00         
    21 0000001D 496E74726F64756365-         prompt db 'Introduceti un numar natural b: ', 0
    21 00000026 746920756E206E756D-
    21 0000002F 6172206E6174757261-
    21 00000038 6C20623A2000       
    22                                  
    23                                  ; our code starts here
    24                                  segment code use32 class=code
    25                                      start:
    26                                          ; ...
    27 00000000 68[1D000000]                    push dword prompt
    28 00000005 FF15[00000000]                  call [printf]
    29 0000000B 83C404                          add esp, 4
    30                                          
    31 0000000E 68[04000000]                    push dword b
    32 00000013 68[0C000000]                    push dword format_in
    33 00000018 FF15[00000000]                  call [scanf]
    34 0000001E 83C408                          add esp, 8
    35                                          
    36 00000021 A1[00000000]                    mov eax, [a]
    37 00000026 31D2                            xor edx, edx
    38 00000028 8B1D[04000000]                  mov ebx, [b]
    39                                          
    40 0000002E F7F3                            div ebx
    41 00000030 89C1                            mov ecx, eax
    42                                          
    43 00000032 A1[00000000]                    mov eax, [a]
    44 00000037 01C8                            add eax, ecx
    45 00000039 A3[08000000]                    mov [rezultat], eax
    46                                          
    47 0000003E FF35[08000000]                  push dword [rezultat]
    48 00000044 68[0F000000]                    push dword format_out
    49 00000049 FF15[00000000]                  call [printf]
    50 0000004F 83C408                          add esp, 8
    51                                      
    52                                          ; exit(0)
    53 00000052 6A00                            push    dword 0      ; push the parameter for exit onto the stack
    54 00000054 FF15[00000000]                  call    [exit]       ; call exit to terminate the program
