     1                                  bits 32 ; assembling for the 32 bits architecture
     2                                  
     3                                  ; declare the EntryPoint (a label defining the very first instruction of the program)
     4                                  global start        
     5                                  
     6                                  ; declare external functions needed by our program
     7                                  extern exit, printf, scanf               ; tell nasm that exit exists even if we won't be defining it
     8                                  import exit msvcrt.dll    ; exit is a function that ends the calling process. It is defined in msvcrt.dll
     9                                                            ; msvcrt.dll contains exit, printf and all the other important C-runtime specific functions
    10                                  import printf msvcrt.dll
    11                                  import scanf msvcrt.dll
    12                                  
    13                                  ; our data is declared here (the variables needed by our program)
    14                                  segment data use32 class=data
    15                                      ; ...
    16 00000000 00000000                    a dd 0                 
    17 00000004 00000000                    b dd 0            
    18 00000008 00000000                    rezultat dd 0          
    19 0000000C 256400                      format_in db '%d', 0   
    20 0000000F 52657A756C7461743A-         format_out db 'Rezultat: %d', 10, 0 
    20 00000018 2025640A00         
    21 0000001D 496E74726F64756365-         prompt_a db 'Introduceti numarul a: ', 0
    21 00000026 7469206E756D617275-
    21 0000002F 6C20613A2000       
    22 00000035 496E74726F64756365-         prompt_b db 'Introduceti numarul b: ', 0
    22 0000003E 7469206E756D617275-
    22 00000047 6C20623A2000       
    23                                  
    24                                  ; our code starts here
    25                                  segment code use32 class=code
    26                                      start:
    27                                          ; ...
    28 00000000 68[1D000000]                    push dword prompt_a
    29 00000005 FF15[00000000]                  call [printf]
    30 0000000B 83C404                          add esp, 4
    31                                          
    32 0000000E 68[00000000]                    push dword a
    33 00000013 68[0C000000]                    push dword format_in
    34 00000018 FF15[00000000]                  call [scanf]
    35 0000001E 83C408                          add esp, 8
    36                                          
    37 00000021 68[35000000]                    push dword prompt_b
    38 00000026 FF15[00000000]                  call [printf]
    39 0000002C 83C404                          add esp, 4
    40                                          
    41 0000002F 68[04000000]                    push dword b
    42 00000034 68[0C000000]                    push dword format_in
    43 00000039 FF15[00000000]                  call [scanf]
    44 0000003F 83C408                          add esp, 8 
    45                                          
    46 00000042 A1[00000000]                    mov eax, [a]
    47 00000047 0305[04000000]                  add eax, [b]
    48 0000004D 89C1                            mov ecx, eax
    49                                          
    50 0000004F A1[00000000]                    mov eax, [a]
    51 00000054 2B05[04000000]                  sub eax, [b]
    52                                          
    53 0000005A 89C3                            mov ebx, eax
    54 0000005C 89C8                            mov eax, ecx
    55 0000005E 31D2                            xor edx, edx
    56 00000060 F7FB                            idiv ebx
    57 00000062 A3[08000000]                    mov [rezultat], eax
    58                                          
    59 00000067 FF35[08000000]                  push dword [rezultat]
    60 0000006D 68[0F000000]                    push dword format_out
    61 00000072 FF15[00000000]                  call [printf]
    62 00000078 83C408                          add esp, 8
    63                                      
    64                                          ; exit(0)
    65 0000007B 6A00                            push    dword 0      ; push the parameter for exit onto the stack
    66 0000007D FF15[00000000]                  call    [exit]       ; call exit to terminate the program
